<?xml version="1.0" encoding="UTF-8"?>
<!-- Generated by org.testng.reporters.JUnitReportReporter -->
<testsuite hostname="L-INE-JZL4PL3" failures="0" tests="1" name="Jenkins.SeleniumJenkins.NewTest1" time="7.251" errors="0" timestamp="2023-09-05T15:27:56 IST" skipped="0">
  <testcase classname="Jenkins.SeleniumJenkins.NewTest1" name="f" time="7.251"/>
</testsuite> <!-- Jenkins.SeleniumJenkins.NewTest1 -->
